{"/Users/sangwooklee/dev/choir/src/config/index.ts": {"path":"/Users/sangwooklee/dev/choir/src/config/index.ts","statementMap":{"0":{"start":{"line":1,"column":0},"end":{"line":1,"column":54}},"1":{"start":{"line":6,"column":26},"end":{"line":6,"column":71}},"2":{"start":{"line":7,"column":4},"end":{"line":7,"column":80}},"3":{"start":{"line":11,"column":18},"end":{"line":11,"column":35}},"4":{"start":{"line":12,"column":4},"end":{"line":14,"column":5}},"5":{"start":{"line":13,"column":6},"end":{"line":13,"column":74}},"6":{"start":{"line":15,"column":4},"end":{"line":15,"column":17}},"7":{"start":{"line":19,"column":4},"end":{"line":19,"column":45}},"8":{"start":{"line":23,"column":4},"end":{"line":28,"column":6}},"9":{"start":{"line":32,"column":4},"end":{"line":37,"column":6}},"10":{"start":{"line":41,"column":4},"end":{"line":43,"column":6}},"11":{"start":{"line":47,"column":4},"end":{"line":49,"column":6}},"12":{"start":{"line":4,"column":0},"end":{"line":4,"column":13}}},"fnMap":{"0":{"name":"(anonymous_0)","decl":{"start":{"line":5,"column":2},"end":{"line":5,"column":8}},"loc":{"start":{"line":5,"column":23},"end":{"line":8,"column":3}}},"1":{"name":"(anonymous_1)","decl":{"start":{"line":10,"column":2},"end":{"line":10,"column":8}},"loc":{"start":{"line":10,"column":39},"end":{"line":16,"column":3}}},"2":{"name":"(anonymous_2)","decl":{"start":{"line":18,"column":2},"end":{"line":18,"column":8}},"loc":{"start":{"line":18,"column":62},"end":{"line":20,"column":3}}},"3":{"name":"(anonymous_3)","decl":{"start":{"line":22,"column":2},"end":{"line":22,"column":8}},"loc":{"start":{"line":22,"column":23},"end":{"line":29,"column":3}}},"4":{"name":"(anonymous_4)","decl":{"start":{"line":31,"column":2},"end":{"line":31,"column":8}},"loc":{"start":{"line":31,"column":29},"end":{"line":38,"column":3}}},"5":{"name":"(anonymous_5)","decl":{"start":{"line":40,"column":2},"end":{"line":40,"column":8}},"loc":{"start":{"line":40,"column":24},"end":{"line":44,"column":3}}},"6":{"name":"(anonymous_6)","decl":{"start":{"line":46,"column":2},"end":{"line":46,"column":8}},"loc":{"start":{"line":46,"column":27},"end":{"line":50,"column":3}}}},"branchMap":{"0":{"loc":{"start":{"line":7,"column":11},"end":{"line":7,"column":79}},"type":"cond-expr","locations":[{"start":{"line":7,"column":27},"end":{"line":7,"column":52}},{"start":{"line":7,"column":55},"end":{"line":7,"column":79}}]},"1":{"loc":{"start":{"line":12,"column":4},"end":{"line":14,"column":5}},"type":"if","locations":[{"start":{"line":12,"column":4},"end":{"line":14,"column":5}},{"start":{},"end":{}}]},"2":{"loc":{"start":{"line":19,"column":11},"end":{"line":19,"column":44}},"type":"binary-expr","locations":[{"start":{"line":19,"column":11},"end":{"line":19,"column":28}},{"start":{"line":19,"column":32},"end":{"line":19,"column":44}}]}},"s":{"0":1,"1":2,"2":2,"3":2,"4":2,"5":1,"6":1,"7":0,"8":0,"9":0,"10":0,"11":0,"12":1},"f":{"0":2,"1":2,"2":0,"3":0,"4":0,"5":0,"6":0},"b":{"0":[1,1],"1":[1,1],"2":[0,0]}}
,"/Users/sangwooklee/dev/choir/src/constants/index.ts": {"path":"/Users/sangwooklee/dev/choir/src/constants/index.ts","statementMap":{"0":{"start":{"line":2,"column":13},"end":{"line":5,"column":11}},"1":{"start":{"line":8,"column":13},"end":{"line":19,"column":11}},"2":{"start":{"line":22,"column":13},"end":{"line":26,"column":11}},"3":{"start":{"line":29,"column":13},"end":{"line":34,"column":11}},"4":{"start":{"line":37,"column":13},"end":{"line":41,"column":11}}},"fnMap":{},"branchMap":{},"s":{"0":1,"1":1,"2":1,"3":1,"4":1},"f":{},"b":{}}
,"/Users/sangwooklee/dev/choir/src/utils/index.ts": {"path":"/Users/sangwooklee/dev/choir/src/utils/index.ts","statementMap":{"0":{"start":{"line":3,"column":0},"end":{"line":3,"column":16}},"1":{"start":{"line":7,"column":0},"end":{"line":7,"column":16}},"2":{"start":{"line":16,"column":0},"end":{"line":16,"column":16}},"3":{"start":{"line":27,"column":0},"end":{"line":27,"column":16}},"4":{"start":{"line":32,"column":0},"end":{"line":32,"column":16}},"5":{"start":{"line":36,"column":0},"end":{"line":36,"column":16}},"6":{"start":{"line":4,"column":2},"end":{"line":4,"column":28}},"7":{"start":{"line":8,"column":2},"end":{"line":13,"column":4}},"8":{"start":{"line":9,"column":47},"end":{"line":9,"column":98}},"9":{"start":{"line":10,"column":47},"end":{"line":10,"column":99}},"10":{"start":{"line":11,"column":48},"end":{"line":11,"column":102}},"11":{"start":{"line":12,"column":48},"end":{"line":12,"column":102}},"12":{"start":{"line":17,"column":2},"end":{"line":24,"column":5}},"13":{"start":{"line":18,"column":4},"end":{"line":23,"column":5}},"14":{"start":{"line":19,"column":16},"end":{"line":19,"column":30}},"15":{"start":{"line":20,"column":16},"end":{"line":20,"column":30}},"16":{"start":{"line":21,"column":16},"end":{"line":21,"column":31}},"17":{"start":{"line":22,"column":15},"end":{"line":22,"column":27}},"18":{"start":{"line":28,"column":2},"end":{"line":28,"column":44}},"19":{"start":{"line":28,"column":32},"end":{"line":28,"column":44}},"20":{"start":{"line":29,"column":2},"end":{"line":29,"column":50}},"21":{"start":{"line":33,"column":2},"end":{"line":33,"column":57}},"22":{"start":{"line":33,"column":32},"end":{"line":33,"column":55}},"23":{"start":{"line":37,"column":2},"end":{"line":42,"column":3}},"24":{"start":{"line":38,"column":4},"end":{"line":38,"column":20}},"25":{"start":{"line":39,"column":4},"end":{"line":39,"column":16}},"26":{"start":{"line":41,"column":4},"end":{"line":41,"column":17}}},"fnMap":{"0":{"name":"formatTimestamp","decl":{"start":{"line":3,"column":16},"end":{"line":3,"column":31}},"loc":{"start":{"line":3,"column":42},"end":{"line":5,"column":1}}},"1":{"name":"createLogger","decl":{"start":{"line":7,"column":16},"end":{"line":7,"column":28}},"loc":{"start":{"line":7,"column":44},"end":{"line":14,"column":1}}},"2":{"name":"(anonymous_2)","decl":{"start":{"line":9,"column":10},"end":{"line":9,"column":11}},"loc":{"start":{"line":9,"column":47},"end":{"line":9,"column":98}}},"3":{"name":"(anonymous_3)","decl":{"start":{"line":10,"column":10},"end":{"line":10,"column":11}},"loc":{"start":{"line":10,"column":47},"end":{"line":10,"column":99}}},"4":{"name":"(anonymous_4)","decl":{"start":{"line":11,"column":11},"end":{"line":11,"column":12}},"loc":{"start":{"line":11,"column":48},"end":{"line":11,"column":102}}},"5":{"name":"(anonymous_5)","decl":{"start":{"line":12,"column":11},"end":{"line":12,"column":12}},"loc":{"start":{"line":12,"column":48},"end":{"line":12,"column":102}}},"6":{"name":"sanitizeText","decl":{"start":{"line":16,"column":16},"end":{"line":16,"column":28}},"loc":{"start":{"line":16,"column":41},"end":{"line":25,"column":1}}},"7":{"name":"(anonymous_7)","decl":{"start":{"line":17,"column":32},"end":{"line":17,"column":33}},"loc":{"start":{"line":17,"column":41},"end":{"line":24,"column":3}}},"8":{"name":"truncateText","decl":{"start":{"line":27,"column":16},"end":{"line":27,"column":28}},"loc":{"start":{"line":27,"column":60},"end":{"line":30,"column":1}}},"9":{"name":"delay","decl":{"start":{"line":32,"column":16},"end":{"line":32,"column":21}},"loc":{"start":{"line":32,"column":32},"end":{"line":34,"column":1}}},"10":{"name":"(anonymous_10)","decl":{"start":{"line":33,"column":21},"end":{"line":33,"column":28}},"loc":{"start":{"line":33,"column":32},"end":{"line":33,"column":55}}},"11":{"name":"isValidUrl","decl":{"start":{"line":36,"column":16},"end":{"line":36,"column":26}},"loc":{"start":{"line":36,"column":41},"end":{"line":43,"column":1}}}},"branchMap":{"0":{"loc":{"start":{"line":18,"column":4},"end":{"line":23,"column":5}},"type":"switch","locations":[{"start":{"line":19,"column":6},"end":{"line":19,"column":30}},{"start":{"line":20,"column":6},"end":{"line":20,"column":30}},{"start":{"line":21,"column":6},"end":{"line":21,"column":31}},{"start":{"line":22,"column":6},"end":{"line":22,"column":27}}]},"1":{"loc":{"start":{"line":28,"column":2},"end":{"line":28,"column":44}},"type":"if","locations":[{"start":{"line":28,"column":2},"end":{"line":28,"column":44}},{"start":{},"end":{}}]}},"s":{"0":1,"1":1,"2":1,"3":1,"4":1,"5":1,"6":0,"7":0,"8":0,"9":0,"10":0,"11":0,"12":2,"13":5,"14":2,"15":2,"16":1,"17":0,"18":2,"19":1,"20":1,"21":0,"22":0,"23":6,"24":6,"25":3,"26":3},"f":{"0":0,"1":0,"2":0,"3":0,"4":0,"5":0,"6":2,"7":5,"8":2,"9":0,"10":0,"11":6},"b":{"0":[2,2,1,0],"1":[1,1]}}
}
