TN:
SF:src/config/index.ts
FN:5,(anonymous_0)
FN:10,(anonymous_1)
FN:18,(anonymous_2)
FN:22,(anonymous_3)
FN:31,(anonymous_4)
FN:40,(anonymous_5)
FN:46,(anonymous_6)
FNF:7
FNH:2
FNDA:2,(anonymous_0)
FNDA:2,(anonymous_1)
FNDA:0,(anonymous_2)
FNDA:0,(anonymous_3)
FNDA:0,(anonymous_4)
FNDA:0,(anonymous_5)
FNDA:0,(anonymous_6)
DA:1,1
DA:4,1
DA:6,2
DA:7,2
DA:11,2
DA:12,2
DA:13,1
DA:15,1
DA:19,0
DA:23,0
DA:32,0
DA:41,0
DA:47,0
LF:13
LH:8
BRDA:7,0,0,1
BRDA:7,0,1,1
BRDA:12,1,0,1
BRDA:12,1,1,1
BRDA:19,2,0,0
BRDA:19,2,1,0
BRF:6
BRH:4
end_of_record
TN:
SF:src/constants/index.ts
FNF:0
FNH:0
DA:2,1
DA:8,1
DA:22,1
DA:29,1
DA:37,1
LF:5
LH:5
BRF:0
BRH:0
end_of_record
TN:
SF:src/utils/index.ts
FN:3,formatTimestamp
FN:7,createLogger
FN:9,(anonymous_2)
FN:10,(anonymous_3)
FN:11,(anonymous_4)
FN:12,(anonymous_5)
FN:16,sanitizeText
FN:17,(anonymous_7)
FN:27,truncateText
FN:32,delay
FN:33,(anonymous_10)
FN:36,isValidUrl
FNF:12
FNH:4
FNDA:0,formatTimestamp
FNDA:0,createLogger
FNDA:0,(anonymous_2)
FNDA:0,(anonymous_3)
FNDA:0,(anonymous_4)
FNDA:0,(anonymous_5)
FNDA:2,sanitizeText
FNDA:5,(anonymous_7)
FNDA:2,truncateText
FNDA:0,delay
FNDA:0,(anonymous_10)
FNDA:6,isValidUrl
DA:3,1
DA:4,0
DA:7,1
DA:8,0
DA:9,0
DA:10,0
DA:11,0
DA:12,0
DA:16,1
DA:17,2
DA:18,5
DA:19,2
DA:20,2
DA:21,1
DA:22,0
DA:27,1
DA:28,2
DA:29,1
DA:32,1
DA:33,0
DA:36,1
DA:37,6
DA:38,6
DA:39,3
DA:41,3
LF:25
LH:17
BRDA:18,0,0,2
BRDA:18,0,1,2
BRDA:18,0,2,1
BRDA:18,0,3,0
BRDA:28,1,0,1
BRDA:28,1,1,1
BRF:6
BRH:5
end_of_record
